<?xml version="1.0" encoding="UTF-8"?>
<testsuite xmlns:xsi="http://www.w3.org/2001/XMLSchema-instance" xsi:noNamespaceSchemaLocation="https://maven.apache.org/surefire/maven-surefire-plugin/xsd/surefire-test-report.xsd" version="3.0.2" name="com.snippetapi.snippet_api.ActuatorIntegrationTest" time="2.794" tests="1" errors="0" skipped="0" failures="0">
  <properties>
[...]
</properties>
  <testcase name="healthEndpointUp" classname="com.snippetapi.snippet_api.ActuatorIntegrationTest" time="0.376">
    <system-out><![CDATA[14:37:52.035 [main] INFO org.springframework.test.context.support.AnnotationConfigContextLoaderUtils -- Could not detect default configuration classes for test class [com.snippetapi.snippet_api.ActuatorIntegrationTest]: ActuatorIntegrationTest does not declare any static, non-private, non-final, nested classes annotated with @Configuration.
14:37:52.080 [main] INFO org.springframework.boot.test.context.SpringBootTestContextBootstrapper -- Found @SpringBootConfiguration com.snippetapi.snippet_api.SnippetApiApplication for test class com.snippetapi.snippet_api.ActuatorIntegrationTest

  .   ____          _            __ _ _
 /\\ / ___'_ __ _ _(_)_ __  __ _ \ \ \ \
( ( )\___ | '_ | '_| | '_ \/ _` | \ \ \ \
 \\/  ___)| |_)| | | | | || (_| |  ) ) ) )
  '  |____| .__|_| |_|_| |_\__, | / / / /
 =========|_|==============|___/=/_/_/_/

 :: Spring Boot ::                (v3.4.5)

2025-05-01T14:37:52.307-06:00  INFO 60387 --- [snippet-api] [           main] c.s.snippet_api.ActuatorIntegrationTest  : Starting ActuatorIntegrationTest using Java 22.0.2 with PID 60387 (started by rodrigosanchezcornejo in /Users/rodrigosanchezcornejo/Desktop/Proyectos para mi Github/APi/snippet-api)
2025-05-01T14:37:52.307-06:00  INFO 60387 --- [snippet-api] [           main] c.s.snippet_api.ActuatorIntegrationTest  : No active profile set, falling back to 1 default profile: "default"
2025-05-01T14:37:52.651-06:00  INFO 60387 --- [snippet-api] [           main] .s.d.r.c.RepositoryConfigurationDelegate : Bootstrapping Spring Data JPA repositories in DEFAULT mode.
2025-05-01T14:37:52.670-06:00  INFO 60387 --- [snippet-api] [           main] .s.d.r.c.RepositoryConfigurationDelegate : Finished Spring Data repository scanning in 14 ms. Found 1 JPA repository interface.
2025-05-01T14:37:52.938-06:00  INFO 60387 --- [snippet-api] [           main] o.s.b.w.embedded.tomcat.TomcatWebServer  : Tomcat initialized with port 0 (http)
2025-05-01T14:37:52.945-06:00  INFO 60387 --- [snippet-api] [           main] o.apache.catalina.core.StandardService   : Starting service [Tomcat]
2025-05-01T14:37:52.945-06:00  INFO 60387 --- [snippet-api] [           main] o.apache.catalina.core.StandardEngine    : Starting Servlet engine: [Apache Tomcat/10.1.40]
2025-05-01T14:37:52.963-06:00  INFO 60387 --- [snippet-api] [           main] o.a.c.c.C.[Tomcat].[localhost].[/]       : Initializing Spring embedded WebApplicationContext
2025-05-01T14:37:52.963-06:00  INFO 60387 --- [snippet-api] [           main] w.s.c.ServletWebServerApplicationContext : Root WebApplicationContext: initialization completed in 650 ms
2025-05-01T14:37:53.101-06:00  INFO 60387 --- [snippet-api] [           main] o.hibernate.jpa.internal.util.LogHelper  : HHH000204: Processing PersistenceUnitInfo [name: default]
2025-05-01T14:37:53.129-06:00  INFO 60387 --- [snippet-api] [           main] org.hibernate.Version                    : HHH000412: Hibernate ORM core version 6.6.13.Final
2025-05-01T14:37:53.143-06:00  INFO 60387 --- [snippet-api] [           main] o.h.c.internal.RegionFactoryInitiator    : HHH000026: Second-level cache disabled
2025-05-01T14:37:53.249-06:00  INFO 60387 --- [snippet-api] [           main] o.s.o.j.p.SpringPersistenceUnitInfo      : No LoadTimeWeaver setup: ignoring JPA class transformer
2025-05-01T14:37:53.260-06:00  INFO 60387 --- [snippet-api] [           main] com.zaxxer.hikari.HikariDataSource       : HikariPool-1 - Starting...
2025-05-01T14:37:53.336-06:00  INFO 60387 --- [snippet-api] [           main] com.zaxxer.hikari.pool.HikariPool        : HikariPool-1 - Added connection conn0: url=jdbc:h2:mem:testdb user=SA
2025-05-01T14:37:53.337-06:00  INFO 60387 --- [snippet-api] [           main] com.zaxxer.hikari.HikariDataSource       : HikariPool-1 - Start completed.
2025-05-01T14:37:53.360-06:00  INFO 60387 --- [snippet-api] [           main] org.hibernate.orm.connections.pooling    : HHH10001005: Database info:
	Database JDBC URL [Connecting through datasource 'HikariDataSource (HikariPool-1)']
	Database driver: undefined/unknown
	Database version: 2.3.232
	Autocommit mode: undefined/unknown
	Isolation level: undefined/unknown
	Minimum pool size: undefined/unknown
	Maximum pool size: undefined/unknown
2025-05-01T14:37:53.677-06:00  INFO 60387 --- [snippet-api] [           main] o.h.e.t.j.p.i.JtaPlatformInitiator       : HHH000489: No JTA platform available (set 'hibernate.transaction.jta.platform' to enable JTA platform integration)
Hibernate: create table snippet_tags (snippet_id bigint not null, tag varchar(255))
Hibernate: create table snippets (id bigint generated by default as identity, code TEXT not null, description varchar(255), language varchar(255) not null, title varchar(255) not null, primary key (id))
Hibernate: alter table if exists snippet_tags add constraint FKwhgimw801nwvdnyh2wjgwlkm foreign key (snippet_id) references snippets
2025-05-01T14:37:53.702-06:00  INFO 60387 --- [snippet-api] [           main] j.LocalContainerEntityManagerFactoryBean : Initialized JPA EntityManagerFactory for persistence unit 'default'
2025-05-01T14:37:53.904-06:00  WARN 60387 --- [snippet-api] [           main] JpaBaseConfiguration$JpaWebConfiguration : spring.jpa.open-in-view is enabled by default. Therefore, database queries may be performed during view rendering. Explicitly configure spring.jpa.open-in-view to disable this warning
2025-05-01T14:37:54.184-06:00  INFO 60387 --- [snippet-api] [           main] o.s.b.a.h2.H2ConsoleAutoConfiguration    : H2 console available at '/h2-console'. Database available at 'jdbc:h2:mem:testdb'
2025-05-01T14:37:54.201-06:00  INFO 60387 --- [snippet-api] [           main] o.s.b.a.e.web.EndpointLinksResolver      : Exposing 3 endpoints beneath base path '/actuator'
2025-05-01T14:37:54.334-06:00  INFO 60387 --- [snippet-api] [           main] o.s.b.w.embedded.tomcat.TomcatWebServer  : Tomcat started on port 59775 (http) with context path '/'
2025-05-01T14:37:54.342-06:00  INFO 60387 --- [snippet-api] [           main] c.s.snippet_api.ActuatorIntegrationTest  : Started ActuatorIntegrationTest in 2.214 seconds (process running for 2.622)
2025-05-01T14:37:54.705-06:00  INFO 60387 --- [snippet-api] [o-auto-1-exec-1] o.a.c.c.C.[Tomcat].[localhost].[/]       : Initializing Spring DispatcherServlet 'dispatcherServlet'
2025-05-01T14:37:54.705-06:00  INFO 60387 --- [snippet-api] [o-auto-1-exec-1] o.s.web.servlet.DispatcherServlet        : Initializing Servlet 'dispatcherServlet'
2025-05-01T14:37:54.705-06:00  INFO 60387 --- [snippet-api] [o-auto-1-exec-1] o.s.web.servlet.DispatcherServlet        : Completed initialization in 0 ms
]]></system-out>
    <system-err><![CDATA[Mockito is currently self-attaching to enable the inline-mock-maker. This will no longer work in future releases of the JDK. Please add Mockito as an agent to your build what is described in Mockito's documentation: https://javadoc.io/doc/org.mockito/mockito-core/latest/org/mockito/Mockito.html#0.3
WARNING: A Java agent has been loaded dynamically (/Users/rodrigosanchezcornejo/.m2/repository/net/bytebuddy/byte-buddy-agent/1.15.11/byte-buddy-agent-1.15.11.jar)
WARNING: If a serviceability tool is in use, please run with -XX:+EnableDynamicAgentLoading to hide this warning
WARNING: If a serviceability tool is not in use, please run with -Djdk.instrument.traceUsage for more information
WARNING: Dynamic loading of agents will be disallowed by default in a future release
]]></system-err>
  </testcase>
</testsuite>